/* ==================================================================
 *                Auto-generated by gen_luts.py
 * ==================================================================
 * SAMPLE_RATE=46875.0, AUDIO_BLOCK_SIZE=32
 * ENV_TIME_MIN_MS=1.0, ENV_TIME_MAX_MS=8000.0
 * ATTACK_TCO=0.223130, DECAY_TCO=RELEASE_TCO=0.007083
 * ================================================================ */

 * Paste the lokup tables into luts.c
 * Paste the 2 #defines into luts.h

#define ENV_DECAY_OVERSHOOT_CUTOFF  25
#define ENV_RELEASE_OVERSHOOT_CUTOFF 25

const Q1_15 env_attack_coeff_lut[128] = {
    0x2811, 0x7DB3, 0x7ED6, 0x7F38, 0x7F6A, 0x7F88, 0x7F9C, 0x7FAA,
    0x7FB5, 0x7FBD, 0x7FC4, 0x7FC9, 0x7FCE, 0x7FD2, 0x7FD5, 0x7FD8,
    0x7FDA, 0x7FDD, 0x7FDE, 0x7FE0, 0x7FE2, 0x7FE3, 0x7FE5, 0x7FE6,
    0x7FE7, 0x7FE8, 0x7FE9, 0x7FEA, 0x7FEA, 0x7FEB, 0x7FEC, 0x7FED,
    0x7FED, 0x7FEE, 0x7FEE, 0x7FEF, 0x7FEF, 0x7FF0, 0x7FF0, 0x7FF1,
    0x7FF1, 0x7FF1, 0x7FF2, 0x7FF2, 0x7FF2, 0x7FF3, 0x7FF3, 0x7FF3,
    0x7FF3, 0x7FF4, 0x7FF4, 0x7FF4, 0x7FF4, 0x7FF5, 0x7FF5, 0x7FF5,
    0x7FF5, 0x7FF5, 0x7FF6, 0x7FF6, 0x7FF6, 0x7FF6, 0x7FF6, 0x7FF6,
    0x7FF7, 0x7FF7, 0x7FF7, 0x7FF7, 0x7FF7, 0x7FF7, 0x7FF7, 0x7FF7,
    0x7FF8, 0x7FF8, 0x7FF8, 0x7FF8, 0x7FF8, 0x7FF8, 0x7FF8, 0x7FF8,
    0x7FF8, 0x7FF9, 0x7FF9, 0x7FF9, 0x7FF9, 0x7FF9, 0x7FF9, 0x7FF9,
    0x7FF9, 0x7FF9, 0x7FF9, 0x7FF9, 0x7FF9, 0x7FFA, 0x7FFA, 0x7FFA,
    0x7FFA, 0x7FFA, 0x7FFA, 0x7FFA, 0x7FFA, 0x7FFA, 0x7FFA, 0x7FFA,
    0x7FFA, 0x7FFA, 0x7FFA, 0x7FFA, 0x7FFA, 0x7FFA, 0x7FFB, 0x7FFB,
    0x7FFB, 0x7FFB, 0x7FFB, 0x7FFB, 0x7FFB, 0x7FFB, 0x7FFB, 0x7FFB,
    0x7FFB, 0x7FFB, 0x7FFB, 0x7FFB, 0x7FFB, 0x7FFB, 0x7FFB, 0x7FFB,
};

const SQ1_15 env_attack_overshoot_lut[128] = {
    0x6B8E, 0x02D1, 0x016D, 0x00F4, 0x00B8, 0x0093, 0x007B, 0x0069,
    0x005C, 0x0052, 0x004A, 0x0043, 0x003D, 0x0039, 0x0035, 0x0031,
    0x002E, 0x002B, 0x0029, 0x0027, 0x0025, 0x0023, 0x0022, 0x0020,
    0x001F, 0x001E, 0x001C, 0x001B, 0x001A, 0x0019, 0x0019, 0x0018,
    0x0017, 0x0016, 0x0016, 0x0015, 0x0015, 0x0014, 0x0013, 0x0013,
    0x0012, 0x0012, 0x0012, 0x0011, 0x0011, 0x0010, 0x0010, 0x0010,
    0x000F, 0x000F, 0x000F, 0x000E, 0x000E, 0x000E, 0x000E, 0x000D,
    0x000D, 0x000D, 0x000D, 0x000D, 0x000C, 0x000C, 0x000C, 0x000C,
    0x000C, 0x000B, 0x000B, 0x000B, 0x000B, 0x000B, 0x000B, 0x000A,
    0x000A, 0x000A, 0x000A, 0x000A, 0x000A, 0x000A, 0x0009, 0x0009,
    0x0009, 0x0009, 0x0009, 0x0009, 0x0009, 0x0009, 0x0009, 0x0008,
    0x0008, 0x0008, 0x0008, 0x0008, 0x0008, 0x0008, 0x0008, 0x0008,
    0x0008, 0x0008, 0x0008, 0x0007, 0x0007, 0x0007, 0x0007, 0x0007,
    0x0007, 0x0007, 0x0007, 0x0007, 0x0007, 0x0007, 0x0007, 0x0007,
    0x0007, 0x0007, 0x0006, 0x0006, 0x0006, 0x0006, 0x0006, 0x0006,
    0x0006, 0x0006, 0x0006, 0x0006, 0x0006, 0x0006, 0x0006, 0x0006,
};

const Q1_15 env_decay_coeff_lut[128] = {
    0x0457, 0x7968, 0x7CA2, 0x7DBD, 0x7E4D, 0x7EA3, 0x7EDD, 0x7F06,
    0x7F25, 0x7F3D, 0x7F51, 0x7F61, 0x7F6E, 0x7F79, 0x7F83, 0x7F8B,
    0x7F92, 0x7F99, 0x7F9E, 0x7FA4, 0x7FA8, 0x7FAC, 0x7FB0, 0x7FB4,
    0x7FB7, 0x7FBA, 0x7FBC, 0x7FBF, 0x7FC1, 0x7FC3, 0x7FC5, 0x7FC7,
    0x7FC9, 0x7FCB, 0x7FCC, 0x7FCE, 0x7FCF, 0x7FD0, 0x7FD2, 0x7FD3,
    0x7FD4, 0x7FD5, 0x7FD6, 0x7FD7, 0x7FD8, 0x7FD9, 0x7FDA, 0x7FDB,
    0x7FDB, 0x7FDC, 0x7FDD, 0x7FDE, 0x7FDE, 0x7FDF, 0x7FDF, 0x7FE0,
    0x7FE1, 0x7FE1, 0x7FE2, 0x7FE2, 0x7FE3, 0x7FE3, 0x7FE4, 0x7FE4,
    0x7FE5, 0x7FE5, 0x7FE5, 0x7FE6, 0x7FE6, 0x7FE7, 0x7FE7, 0x7FE7,
    0x7FE8, 0x7FE8, 0x7FE8, 0x7FE9, 0x7FE9, 0x7FE9, 0x7FE9, 0x7FEA,
    0x7FEA, 0x7FEA, 0x7FEB, 0x7FEB, 0x7FEB, 0x7FEB, 0x7FEC, 0x7FEC,
    0x7FEC, 0x7FEC, 0x7FEC, 0x7FED, 0x7FED, 0x7FED, 0x7FED, 0x7FED,
    0x7FEE, 0x7FEE, 0x7FEE, 0x7FEE, 0x7FEE, 0x7FEF, 0x7FEF, 0x7FEF,
    0x7FEF, 0x7FEF, 0x7FEF, 0x7FF0, 0x7FF0, 0x7FF0, 0x7FF0, 0x7FF0,
    0x7FF0, 0x7FF0, 0x7FF1, 0x7FF1, 0x7FF1, 0x7FF1, 0x7FF1, 0x7FF1,
    0x7FF1, 0x7FF1, 0x7FF2, 0x7FF2, 0x7FF2, 0x7FF2, 0x7FF2, 0x7FF2,
};

const SQ1_15 env_decay_overshoot_base_lut[25] = {
    0xFF20, 0xFFF4, 0xFFFA, 0xFFFC, 0xFFFD, 0xFFFE, 0xFFFE, 0xFFFE,
    0xFFFE, 0xFFFF, 0xFFFF, 0xFFFF, 0xFFFF, 0xFFFF, 0xFFFF, 0xFFFF,
    0xFFFF, 0xFFFF, 0xFFFF, 0xFFFF, 0xFFFF, 0xFFFF, 0xFFFF, 0xFFFF,
    0xFFFF,
};

const SQ1_15 env_release_overshoot_lut[25] = {
    0xFF20, 0xFFF4, 0xFFFA, 0xFFFC, 0xFFFD, 0xFFFE, 0xFFFE, 0xFFFE,
    0xFFFE, 0xFFFF, 0xFFFF, 0xFFFF, 0xFFFF, 0xFFFF, 0xFFFF, 0xFFFF,
    0xFFFF, 0xFFFF, 0xFFFF, 0xFFFF, 0xFFFF, 0xFFFF, 0xFFFF, 0xFFFF,
    0xFFFF,
};

const uint32_t midi_fcw_lut[128] = {
    0x00000B6E, 0x00000C1C, 0x00000CD5, 0x00000D98, 0x00000E67, 0x00000F42, 0x0000102A, 0x00001120,
    0x00001225, 0x00001339, 0x0000145E, 0x00001594, 0x000016DC, 0x00001838, 0x000019A9, 0x00001B30,
    0x00001CCE, 0x00001E84, 0x00002055, 0x00002241, 0x0000244A, 0x00002673, 0x000028BC, 0x00002B28,
    0x00002DB9, 0x00003071, 0x00003352, 0x00003660, 0x0000399B, 0x00003D08, 0x000040A9, 0x00004482,
    0x00004894, 0x00004CE5, 0x00005178, 0x00005650, 0x00005B72, 0x000060E2, 0x000066A5, 0x00006CBF,
    0x00007337, 0x00007A10, 0x00008153, 0x00008903, 0x00009129, 0x000099CB, 0x0000A2F0, 0x0000ACA0,
    0x0000B6E4, 0x0000C1C4, 0x0000CD49, 0x0000D97E, 0x0000E66D, 0x0000F421, 0x000102A5, 0x00011206,
    0x00012252, 0x00013395, 0x000145DF, 0x00015940, 0x00016DC7, 0x00018388, 0x00019A93, 0x0001B2FD,
    0x0001CCDA, 0x0001E842, 0x0002054A, 0x0002240D, 0x000244A3, 0x0002672A, 0x00028BBF, 0x0002B280,
    0x0002DB8F, 0x0003070F, 0x00033525, 0x000365F9, 0x000399B5, 0x0003D083, 0x00040A94, 0x00044819,
    0x00048947, 0x0004CE54, 0x0005177D, 0x000564FF, 0x0005B71E, 0x00060E1E, 0x00066A4B, 0x0006CBF3,
    0x00073369, 0x0007A107, 0x00081529, 0x00089033, 0x0009128D, 0x00099CA9, 0x000A2EFA, 0x000AC9FF,
    0x000B6E3B, 0x000C1C3C, 0x000CD496, 0x000D97E5, 0x000E66D2, 0x000F420D, 0x00102A51, 0x00112065,
    0x0012251B, 0x00133951, 0x00145DF4, 0x001593FE, 0x0016DC77, 0x00183878, 0x0019A92B, 0x001B2FCB,
    0x001CCDA5, 0x001E841A, 0x002054A3, 0x002240CA, 0x00244A35, 0x002672A2, 0x0028BBE8, 0x002B27FC,
    0x002DB8EE, 0x003070F1, 0x00335257, 0x00365F96, 0x00399B4A, 0x003D0835, 0x0040A945, 0x00448194,
};

const Q1_15 midi_exp_curve_lut[128] = {
    0x0000, 0x0000, 0x0001, 0x0003, 0x0006, 0x000A, 0x0010, 0x0017,
    0x0021, 0x002C, 0x0039, 0x0048, 0x005A, 0x006E, 0x0084, 0x009D,
    0x00B9, 0x00D7, 0x00F8, 0x011C, 0x0142, 0x016C, 0x0199, 0x01C9,
    0x01FD, 0x0233, 0x026D, 0x02AB, 0x02EC, 0x0330, 0x0379, 0x03C5,
    0x0414, 0x0468, 0x04BF, 0x051B, 0x057A, 0x05DD, 0x0645, 0x06B0,
    0x0720, 0x0794, 0x080D, 0x088A, 0x090B, 0x0991, 0x0A1B, 0x0AAA,
    0x0B3E, 0x0BD6, 0x0C73, 0x0D15, 0x0DBB, 0x0E67, 0x0F17, 0x0FCC,
    0x1087, 0x1146, 0x120B, 0x12D4, 0x13A3, 0x1477, 0x1551, 0x162F,
    0x1713, 0x17FD, 0x18EC, 0x19E0, 0x1ADA, 0x1BDA, 0x1CDF, 0x1DE9,
    0x1EFA, 0x2010, 0x212C, 0x224E, 0x2376, 0x24A3, 0x25D7, 0x2710,
    0x2850, 0x2995, 0x2AE1, 0x2C33, 0x2D8A, 0x2EE8, 0x304D, 0x31B7,
    0x3328, 0x349F, 0x361D, 0x37A1, 0x392C, 0x3ABD, 0x3C54, 0x3DF2,
    0x3F97, 0x4142, 0x42F4, 0x44AC, 0x466C, 0x4832, 0x49FF, 0x4BD2,
    0x4DAD, 0x4F8E, 0x5177, 0x5366, 0x555C, 0x575A, 0x595E, 0x5B6A,
    0x5D7C, 0x5F96, 0x61B7, 0x63DF, 0x660F, 0x6845, 0x6A84, 0x6CC9,
    0x6F16, 0x716A, 0x73C5, 0x7628, 0x7893, 0x7B05, 0x7D7F, 0x7FFF,
};

const uint16_t lfo_inc_lut[128] = {
    0x016E, 0x0184, 0x019B, 0x01B3, 0x01CD, 0x01E8, 0x0205, 0x0224,
    0x0245, 0x0267, 0x028C, 0x02B2, 0x02DC, 0x0307, 0x0335, 0x0366,
    0x039A, 0x03D1, 0x040B, 0x0448, 0x0489, 0x04CE, 0x0517, 0x0565,
    0x05B7, 0x060E, 0x066A, 0x06CC, 0x0733, 0x07A1, 0x0815, 0x0890,
    0x0913, 0x099D, 0x0A2F, 0x0ACA, 0x0B6E, 0x0C1C, 0x0CD5, 0x0D98,
    0x0E67, 0x0F42, 0x102A, 0x1120, 0x1225, 0x1339, 0x145E, 0x1594,
    0x16DC, 0x1838, 0x19A9, 0x1B30, 0x1CCE, 0x1E84, 0x2055, 0x2241,
    0x244A, 0x2673, 0x28BC, 0x2B28, 0x2DB9, 0x3071, 0x3352, 0x3660,
    0x399B, 0x3D08, 0x40A9, 0x4482, 0x4894, 0x4CE5, 0x5178, 0x5650,
    0x5B72, 0x60E2, 0x66A5, 0x6CBF, 0x7337, 0x7A10, 0x8153, 0x8903,
    0x9129, 0x99CB, 0xA2F0, 0xACA0, 0xB6E4, 0xC1C4, 0xCD49, 0xD97E,
    0xE66D, 0xF421, 0xFFFF, 0xFFFF, 0xFFFF, 0xFFFF, 0xFFFF, 0xFFFF,
    0xFFFF, 0xFFFF, 0xFFFF, 0xFFFF, 0xFFFF, 0xFFFF, 0xFFFF, 0xFFFF,
    0xFFFF, 0xFFFF, 0xFFFF, 0xFFFF, 0xFFFF, 0xFFFF, 0xFFFF, 0xFFFF,
    0xFFFF, 0xFFFF, 0xFFFF, 0xFFFF, 0xFFFF, 0xFFFF, 0xFFFF, 0xFFFF,
    0xFFFF, 0xFFFF, 0xFFFF, 0xFFFF, 0xFFFF, 0xFFFF, 0xFFFF, 0xFFFF,
};

